<?xml version="1.0" encoding="UTF-8"?>
<!-- Generated by org.testng.reporters.JUnitReportReporter -->
<testsuite skipped="0" hostname="guda-socex" name="com.guda.ui.google_test.tests.GoogleExampleIT" tests="7" failures="0" timestamp="09 Dec 2018 09:57:00 GMT" time="35.217" errors="0">
  <testcase name="googleCheeseExample5" time="5.129" classname="com.guda.ui.google_test.tests.GoogleExampleIT"/>
  <testcase name="googleCheeseExample" time="5.170" classname="com.guda.ui.google_test.tests.GoogleExampleIT"/>
  <testcase name="googleCheeseExample2" time="4.708" classname="com.guda.ui.google_test.tests.GoogleExampleIT"/>
  <testcase name="googleCheeseExample6" time="4.955" classname="com.guda.ui.google_test.tests.GoogleExampleIT"/>
  <testcase name="googleCheeseExample3" time="4.743" classname="com.guda.ui.google_test.tests.GoogleExampleIT"/>
  <testcase name="googleCheeseExample4" time="5.243" classname="com.guda.ui.google_test.tests.GoogleExampleIT"/>
  <testcase name="googleMilkExample" time="5.269" classname="com.guda.ui.google_test.tests.GoogleExampleIT"/>
</testsuite> <!-- com.guda.ui.google_test.tests.GoogleExampleIT -->
