<?xml version="1.0" encoding="UTF-8"?>
<testsuite xmlns:xsi="http://www.w3.org/2001/XMLSchema-instance" xsi:noNamespaceSchemaLocation="https://maven.apache.org/surefire/maven-failsafe-plugin/xsd/failsafe-test-report.xsd" name="TestSuite" time="5.926" tests="7" errors="0" skipped="0" failures="0">
  <properties>
    <property name="sun.desktop" value="gnome"/>
    <property name="awt.toolkit" value="sun.awt.X11.XToolkit"/>
    <property name="java.specification.version" value="1.8"/>
    <property name="file.encoding.pkg" value="sun.io"/>
    <property name="webdriver.chrome.driver" value="/home/guda/playground/guda/src/test/resources/selenium_standalone_binaries/linux/googlechrome/64bit/chromedriver"/>
    <property name="sun.cpu.isalist" value=""/>
    <property name="sun.jnu.encoding" value="UTF-8"/>
    <property name="java.class.path" value="/home/guda/playground/guda/target/test-classes:/home/guda/playground/guda/target/maven-template-1.0-SNAPSHOT.jar:/home/guda/.m2/repository/org/seleniumhq/selenium/selenium-remote-driver/3.14.0/selenium-remote-driver-3.14.0.jar:/home/guda/.m2/repository/org/seleniumhq/selenium/selenium-api/3.14.0/selenium-api-3.14.0.jar:/home/guda/.m2/repository/net/bytebuddy/byte-buddy/1.8.15/byte-buddy-1.8.15.jar:/home/guda/.m2/repository/org/apache/commons/commons-exec/1.3/commons-exec-1.3.jar:/home/guda/.m2/repository/commons-codec/commons-codec/1.10/commons-codec-1.10.jar:/home/guda/.m2/repository/commons-logging/commons-logging/1.2/commons-logging-1.2.jar:/home/guda/.m2/repository/com/google/guava/guava/25.0-jre/guava-25.0-jre.jar:/home/guda/.m2/repository/com/google/code/findbugs/jsr305/1.3.9/jsr305-1.3.9.jar:/home/guda/.m2/repository/org/checkerframework/checker-compat-qual/2.0.0/checker-compat-qual-2.0.0.jar:/home/guda/.m2/repository/com/google/errorprone/error_prone_annotations/2.1.3/error_prone_annotations-2.1.3.jar:/home/guda/.m2/repository/com/google/j2objc/j2objc-annotations/1.1/j2objc-annotations-1.1.jar:/home/guda/.m2/repository/org/codehaus/mojo/animal-sniffer-annotations/1.14/animal-sniffer-annotations-1.14.jar:/home/guda/.m2/repository/org/apache/httpcomponents/httpclient/4.5.5/httpclient-4.5.5.jar:/home/guda/.m2/repository/org/apache/httpcomponents/httpcore/4.4.9/httpcore-4.4.9.jar:/home/guda/.m2/repository/com/squareup/okhttp3/okhttp/3.10.0/okhttp-3.10.0.jar:/home/guda/.m2/repository/com/squareup/okio/okio/1.14.1/okio-1.14.1.jar:/home/guda/.m2/repository/org/seleniumhq/selenium/selenium-java/3.14.0/selenium-java-3.14.0.jar:/home/guda/.m2/repository/org/seleniumhq/selenium/selenium-chrome-driver/3.14.0/selenium-chrome-driver-3.14.0.jar:/home/guda/.m2/repository/org/seleniumhq/selenium/selenium-edge-driver/3.14.0/selenium-edge-driver-3.14.0.jar:/home/guda/.m2/repository/org/seleniumhq/selenium/selenium-firefox-driver/3.14.0/selenium-firefox-driver-3.14.0.jar:/home/guda/.m2/repository/org/seleniumhq/selenium/selenium-ie-driver/3.14.0/selenium-ie-driver-3.14.0.jar:/home/guda/.m2/repository/org/seleniumhq/selenium/selenium-opera-driver/3.14.0/selenium-opera-driver-3.14.0.jar:/home/guda/.m2/repository/org/seleniumhq/selenium/selenium-safari-driver/3.14.0/selenium-safari-driver-3.14.0.jar:/home/guda/.m2/repository/org/seleniumhq/selenium/selenium-support/3.14.0/selenium-support-3.14.0.jar:/home/guda/.m2/repository/org/testng/testng/6.14.3/testng-6.14.3.jar:/home/guda/.m2/repository/com/beust/jcommander/1.72/jcommander-1.72.jar:/home/guda/.m2/repository/org/apache-extras/beanshell/bsh/2.0b6/bsh-2.0b6.jar:/home/guda/.m2/repository/org/assertj/assertj-core/3.10.0/assertj-core-3.10.0.jar:/home/guda/.m2/repository/com/lazerycode/selenium/query/1.2.0/query-1.2.0.jar:/home/guda/.m2/repository/io/appium/java-client/5.0.4/java-client-5.0.4.jar:/home/guda/.m2/repository/com/google/code/gson/gson/2.8.2/gson-2.8.2.jar:/home/guda/.m2/repository/cglib/cglib/3.2.5/cglib-3.2.5.jar:/home/guda/.m2/repository/org/ow2/asm/asm/5.2/asm-5.2.jar:/home/guda/.m2/repository/org/apache/ant/ant/1.9.6/ant-1.9.6.jar:/home/guda/.m2/repository/org/apache/ant/ant-launcher/1.9.6/ant-launcher-1.9.6.jar:/home/guda/.m2/repository/commons-validator/commons-validator/1.6/commons-validator-1.6.jar:/home/guda/.m2/repository/commons-beanutils/commons-beanutils/1.9.2/commons-beanutils-1.9.2.jar:/home/guda/.m2/repository/commons-digester/commons-digester/1.8.1/commons-digester-1.8.1.jar:/home/guda/.m2/repository/commons-collections/commons-collections/3.2.2/commons-collections-3.2.2.jar:/home/guda/.m2/repository/org/apache/commons/commons-lang3/3.6/commons-lang3-3.6.jar:/home/guda/.m2/repository/commons-io/commons-io/2.5/commons-io-2.5.jar:/home/guda/.m2/repository/org/springframework/spring-context/5.0.0.RELEASE/spring-context-5.0.0.RELEASE.jar:/home/guda/.m2/repository/org/springframework/spring-aop/5.0.0.RELEASE/spring-aop-5.0.0.RELEASE.jar:/home/guda/.m2/repository/org/springframework/spring-beans/5.0.0.RELEASE/spring-beans-5.0.0.RELEASE.jar:/home/guda/.m2/repository/org/springframework/spring-core/5.0.0.RELEASE/spring-core-5.0.0.RELEASE.jar:/home/guda/.m2/repository/org/springframework/spring-jcl/5.0.0.RELEASE/spring-jcl-5.0.0.RELEASE.jar:/home/guda/.m2/repository/org/springframework/spring-expression/5.0.0.RELEASE/spring-expression-5.0.0.RELEASE.jar:/home/guda/.m2/repository/org/aspectj/aspectjweaver/1.8.11/aspectjweaver-1.8.11.jar:/home/guda/.m2/repository/org/openpnp/opencv/3.2.0-1/opencv-3.2.0-1.jar:/home/guda/.m2/repository/junit/junit/4.12/junit-4.12.jar:/home/guda/.m2/repository/org/hamcrest/hamcrest-core/1.3/hamcrest-core-1.3.jar:/home/guda/.m2/repository/org/mockito/mockito-core/2.11.0/mockito-core-2.11.0.jar:/home/guda/.m2/repository/net/bytebuddy/byte-buddy-agent/1.7.4/byte-buddy-agent-1.7.4.jar:/home/guda/.m2/repository/org/objenesis/objenesis/2.6/objenesis-2.6.jar:/home/guda/.m2/repository/org/apache/maven/surefire/surefire-testng-utils/2.21.0/surefire-testng-utils-2.21.0.jar:/home/guda/.m2/repository/org/apache/maven/surefire/surefire-grouper/2.21.0/surefire-grouper-2.21.0.jar:"/>
    <property name="java.vm.vendor" value="Oracle Corporation"/>
    <property name="sun.arch.data.model" value="64"/>
    <property name="webdriver.ie.driver" value=""/>
    <property name="proxyPort" value=""/>
    <property name="java.vendor.url" value="http://java.oracle.com/"/>
    <property name="user.timezone" value=""/>
    <property name="os.name" value="Linux"/>
    <property name="java.vm.specification.version" value="1.8"/>
    <property name="sun.java.launcher" value="SUN_STANDARD"/>
    <property name="user.country" value="US"/>
    <property name="sun.boot.library.path" value="/usr/lib/jvm/java-8-oracle/jre/lib/amd64"/>
    <property name="sun.java.command" value="/home/guda/playground/guda/target/surefire/surefirebooter1050788728374376639.jar /home/guda/playground/guda/target/surefire 2018-12-09T10-56-54_153-jvmRun1 surefire5712379975885082419tmp surefire_03026769192351413690tmp"/>
    <property name="surefire.test.class.path" value="/home/guda/playground/guda/target/test-classes:/home/guda/playground/guda/target/maven-template-1.0-SNAPSHOT.jar:/home/guda/.m2/repository/org/seleniumhq/selenium/selenium-remote-driver/3.14.0/selenium-remote-driver-3.14.0.jar:/home/guda/.m2/repository/org/seleniumhq/selenium/selenium-api/3.14.0/selenium-api-3.14.0.jar:/home/guda/.m2/repository/net/bytebuddy/byte-buddy/1.8.15/byte-buddy-1.8.15.jar:/home/guda/.m2/repository/org/apache/commons/commons-exec/1.3/commons-exec-1.3.jar:/home/guda/.m2/repository/commons-codec/commons-codec/1.10/commons-codec-1.10.jar:/home/guda/.m2/repository/commons-logging/commons-logging/1.2/commons-logging-1.2.jar:/home/guda/.m2/repository/com/google/guava/guava/25.0-jre/guava-25.0-jre.jar:/home/guda/.m2/repository/com/google/code/findbugs/jsr305/1.3.9/jsr305-1.3.9.jar:/home/guda/.m2/repository/org/checkerframework/checker-compat-qual/2.0.0/checker-compat-qual-2.0.0.jar:/home/guda/.m2/repository/com/google/errorprone/error_prone_annotations/2.1.3/error_prone_annotations-2.1.3.jar:/home/guda/.m2/repository/com/google/j2objc/j2objc-annotations/1.1/j2objc-annotations-1.1.jar:/home/guda/.m2/repository/org/codehaus/mojo/animal-sniffer-annotations/1.14/animal-sniffer-annotations-1.14.jar:/home/guda/.m2/repository/org/apache/httpcomponents/httpclient/4.5.5/httpclient-4.5.5.jar:/home/guda/.m2/repository/org/apache/httpcomponents/httpcore/4.4.9/httpcore-4.4.9.jar:/home/guda/.m2/repository/com/squareup/okhttp3/okhttp/3.10.0/okhttp-3.10.0.jar:/home/guda/.m2/repository/com/squareup/okio/okio/1.14.1/okio-1.14.1.jar:/home/guda/.m2/repository/org/seleniumhq/selenium/selenium-java/3.14.0/selenium-java-3.14.0.jar:/home/guda/.m2/repository/org/seleniumhq/selenium/selenium-chrome-driver/3.14.0/selenium-chrome-driver-3.14.0.jar:/home/guda/.m2/repository/org/seleniumhq/selenium/selenium-edge-driver/3.14.0/selenium-edge-driver-3.14.0.jar:/home/guda/.m2/repository/org/seleniumhq/selenium/selenium-firefox-driver/3.14.0/selenium-firefox-driver-3.14.0.jar:/home/guda/.m2/repository/org/seleniumhq/selenium/selenium-ie-driver/3.14.0/selenium-ie-driver-3.14.0.jar:/home/guda/.m2/repository/org/seleniumhq/selenium/selenium-opera-driver/3.14.0/selenium-opera-driver-3.14.0.jar:/home/guda/.m2/repository/org/seleniumhq/selenium/selenium-safari-driver/3.14.0/selenium-safari-driver-3.14.0.jar:/home/guda/.m2/repository/org/seleniumhq/selenium/selenium-support/3.14.0/selenium-support-3.14.0.jar:/home/guda/.m2/repository/org/testng/testng/6.14.3/testng-6.14.3.jar:/home/guda/.m2/repository/com/beust/jcommander/1.72/jcommander-1.72.jar:/home/guda/.m2/repository/org/apache-extras/beanshell/bsh/2.0b6/bsh-2.0b6.jar:/home/guda/.m2/repository/org/assertj/assertj-core/3.10.0/assertj-core-3.10.0.jar:/home/guda/.m2/repository/com/lazerycode/selenium/query/1.2.0/query-1.2.0.jar:/home/guda/.m2/repository/io/appium/java-client/5.0.4/java-client-5.0.4.jar:/home/guda/.m2/repository/com/google/code/gson/gson/2.8.2/gson-2.8.2.jar:/home/guda/.m2/repository/cglib/cglib/3.2.5/cglib-3.2.5.jar:/home/guda/.m2/repository/org/ow2/asm/asm/5.2/asm-5.2.jar:/home/guda/.m2/repository/org/apache/ant/ant/1.9.6/ant-1.9.6.jar:/home/guda/.m2/repository/org/apache/ant/ant-launcher/1.9.6/ant-launcher-1.9.6.jar:/home/guda/.m2/repository/commons-validator/commons-validator/1.6/commons-validator-1.6.jar:/home/guda/.m2/repository/commons-beanutils/commons-beanutils/1.9.2/commons-beanutils-1.9.2.jar:/home/guda/.m2/repository/commons-digester/commons-digester/1.8.1/commons-digester-1.8.1.jar:/home/guda/.m2/repository/commons-collections/commons-collections/3.2.2/commons-collections-3.2.2.jar:/home/guda/.m2/repository/org/apache/commons/commons-lang3/3.6/commons-lang3-3.6.jar:/home/guda/.m2/repository/commons-io/commons-io/2.5/commons-io-2.5.jar:/home/guda/.m2/repository/org/springframework/spring-context/5.0.0.RELEASE/spring-context-5.0.0.RELEASE.jar:/home/guda/.m2/repository/org/springframework/spring-aop/5.0.0.RELEASE/spring-aop-5.0.0.RELEASE.jar:/home/guda/.m2/repository/org/springframework/spring-beans/5.0.0.RELEASE/spring-beans-5.0.0.RELEASE.jar:/home/guda/.m2/repository/org/springframework/spring-core/5.0.0.RELEASE/spring-core-5.0.0.RELEASE.jar:/home/guda/.m2/repository/org/springframework/spring-jcl/5.0.0.RELEASE/spring-jcl-5.0.0.RELEASE.jar:/home/guda/.m2/repository/org/springframework/spring-expression/5.0.0.RELEASE/spring-expression-5.0.0.RELEASE.jar:/home/guda/.m2/repository/org/aspectj/aspectjweaver/1.8.11/aspectjweaver-1.8.11.jar:/home/guda/.m2/repository/org/openpnp/opencv/3.2.0-1/opencv-3.2.0-1.jar:/home/guda/.m2/repository/junit/junit/4.12/junit-4.12.jar:/home/guda/.m2/repository/org/hamcrest/hamcrest-core/1.3/hamcrest-core-1.3.jar:/home/guda/.m2/repository/org/mockito/mockito-core/2.11.0/mockito-core-2.11.0.jar:/home/guda/.m2/repository/net/bytebuddy/byte-buddy-agent/1.7.4/byte-buddy-agent-1.7.4.jar:/home/guda/.m2/repository/org/objenesis/objenesis/2.6/objenesis-2.6.jar:/home/guda/.m2/repository/org/apache/maven/surefire/surefire-testng-utils/2.21.0/surefire-testng-utils-2.21.0.jar:/home/guda/.m2/repository/org/apache/maven/surefire/surefire-grouper/2.21.0/surefire-grouper-2.21.0.jar:"/>
    <property name="sun.cpu.endian" value="little"/>
    <property name="user.home" value="/home/guda"/>
    <property name="user.language" value="en"/>
    <property name="remoteDriver" value="false"/>
    <property name="java.specification.vendor" value="Oracle Corporation"/>
    <property name="screenshotDirectory" value="/home/guda/playground/guda/target/screenshots"/>
    <property name="java.home" value="/usr/lib/jvm/java-8-oracle/jre"/>
    <property name="proxyHost" value=""/>
    <property name="file.separator" value="/"/>
    <property name="basedir" value="/home/guda/playground/guda"/>
    <property name="line.separator" value="&#10;"/>
    <property name="java.vm.specification.vendor" value="Oracle Corporation"/>
    <property name="java.specification.name" value="Java Platform API Specification"/>
    <property name="java.awt.graphicsenv" value="sun.awt.X11GraphicsEnvironment"/>
    <property name="surefire.real.class.path" value="/home/guda/playground/guda/target/surefire/surefirebooter1050788728374376639.jar"/>
    <property name="desiredPlatform" value=""/>
    <property name="proxyEnabled" value="false"/>
    <property name="sun.boot.class.path" value="/usr/lib/jvm/java-8-oracle/jre/lib/resources.jar:/usr/lib/jvm/java-8-oracle/jre/lib/rt.jar:/usr/lib/jvm/java-8-oracle/jre/lib/sunrsasign.jar:/usr/lib/jvm/java-8-oracle/jre/lib/jsse.jar:/usr/lib/jvm/java-8-oracle/jre/lib/jce.jar:/usr/lib/jvm/java-8-oracle/jre/lib/charsets.jar:/usr/lib/jvm/java-8-oracle/jre/lib/jfr.jar:/usr/lib/jvm/java-8-oracle/jre/classes"/>
    <property name="sun.management.compiler" value="HotSpot 64-Bit Tiered Compilers"/>
    <property name="java.runtime.version" value="1.8.0_191-b12"/>
    <property name="webdriver.edge.driver" value=""/>
    <property name="user.name" value="guda"/>
    <property name="path.separator" value=":"/>
    <property name="webdriver.opera.driver" value="/home/guda/playground/guda/src/test/resources/selenium_standalone_binaries/linux/operachromium/64bit/operadriver"/>
    <property name="os.version" value="4.15.0-42-generic"/>
    <property name="java.endorsed.dirs" value="/usr/lib/jvm/java-8-oracle/jre/lib/endorsed"/>
    <property name="java.runtime.name" value="Java(TM) SE Runtime Environment"/>
    <property name="file.encoding" value="UTF-8"/>
    <property name="browser" value="chrome"/>
    <property name="java.vm.name" value="Java HotSpot(TM) 64-Bit Server VM"/>
    <property name="localRepository" value="/home/guda/.m2/repository"/>
    <property name="java.vendor.url.bug" value="http://bugreport.sun.com/bugreport/"/>
    <property name="java.io.tmpdir" value="/tmp"/>
    <property name="desiredBrowserVersion" value=""/>
    <property name="java.version" value="1.8.0_191"/>
    <property name="user.dir" value="/home/guda/playground/guda"/>
    <property name="os.arch" value="amd64"/>
    <property name="webdriver.gecko.driver" value="/home/guda/playground/guda/src/test/resources/selenium_standalone_binaries/linux/marionette/64bit/geckodriver"/>
    <property name="threads" value="7"/>
    <property name="gridURL" value=""/>
    <property name="java.vm.specification.name" value="Java Virtual Machine Specification"/>
    <property name="java.awt.printerjob" value="sun.print.PSPrinterJob"/>
    <property name="sun.os.patch.level" value="unknown"/>
    <property name="headless" value="false"/>
    <property name="java.library.path" value="/usr/java/packages/lib/amd64:/usr/lib64:/lib64:/lib:/usr/lib"/>
    <property name="java.vendor" value="Oracle Corporation"/>
    <property name="java.vm.info" value="mixed mode"/>
    <property name="java.vm.version" value="25.191-b12"/>
    <property name="sun.io.unicode.encoding" value="UnicodeLittle"/>
    <property name="java.ext.dirs" value="/usr/lib/jvm/java-8-oracle/jre/lib/ext:/usr/java/packages/lib/ext"/>
    <property name="java.class.version" value="52.0"/>
  </properties>
  <testcase name="googleCheeseExample2" classname="com.guda.ui.google_test.tests.GoogleExampleIT" time="4.599"/>
  <testcase name="googleCheeseExample3" classname="com.guda.ui.google_test.tests.GoogleExampleIT" time="4.634"/>
  <testcase name="googleCheeseExample6" classname="com.guda.ui.google_test.tests.GoogleExampleIT" time="4.856"/>
  <testcase name="googleCheeseExample5" classname="com.guda.ui.google_test.tests.GoogleExampleIT" time="5.05"/>
  <testcase name="googleCheeseExample" classname="com.guda.ui.google_test.tests.GoogleExampleIT" time="5.051"/>
  <testcase name="googleCheeseExample4" classname="com.guda.ui.google_test.tests.GoogleExampleIT" time="5.127"/>
  <testcase name="googleMilkExample" classname="com.guda.ui.google_test.tests.GoogleExampleIT" time="5.154"/>
</testsuite>